2025-07-01 04:10:55.673 [JavaFX Application Thread] com.company.payroll.payroll.PayrollOtherAdjustments - Main data file corrupted or missing, trying backup
2025-07-01 04:10:55.674 [JavaFX Application Thread] com.company.payroll.payroll.PayrollOtherAdjustments - No valid data files found, creating new instance
2025-07-01 04:10:55.674 [JavaFX Application Thread] com.company.payroll.payroll.PayrollOtherAdjustments - Initializing PayrollOtherAdjustments system
2025-07-01 04:10:55.674 [JavaFX Application Thread] com.company.payroll.payroll.PayrollCalculator - PayrollCalculator initialized with all components
2025-07-01 04:10:55.752 [JavaFX Application Thread] com.company.payroll.payroll.PayrollCalculator - PayrollCalculator initialized with all components
2025-07-01 04:10:57.119 [JavaFX Application Thread] com.company.payroll.payroll.PayrollCalculator - Starting payroll calculation for 0 drivers from 2025-06-30 to 2025-07-06
2025-07-01 04:10:57.119 [JavaFX Application Thread] com.company.payroll.payroll.PayrollCalculator - Payroll calculation completed. Generated 0 rows
2025-07-01 22:09:38.708 [JavaFX Application Thread] com.company.payroll.payroll.PayrollOtherAdjustments - Main data file corrupted or missing, trying backup
2025-07-01 22:09:38.708 [JavaFX Application Thread] com.company.payroll.payroll.PayrollOtherAdjustments - No valid data files found, creating new instance
2025-07-01 22:09:38.708 [JavaFX Application Thread] com.company.payroll.payroll.PayrollOtherAdjustments - Initializing PayrollOtherAdjustments system
2025-07-01 22:09:38.709 [JavaFX Application Thread] com.company.payroll.payroll.PayrollCalculator - PayrollCalculator initialized with all components
2025-07-01 22:09:38.785 [JavaFX Application Thread] com.company.payroll.payroll.PayrollCalculator - PayrollCalculator initialized with all components
2025-07-01 22:09:40.173 [JavaFX Application Thread] com.company.payroll.payroll.PayrollCalculator - Starting payroll calculation for 0 drivers from 2025-06-30 to 2025-07-06
2025-07-01 22:09:40.173 [JavaFX Application Thread] com.company.payroll.payroll.PayrollCalculator - Payroll calculation completed. Generated 0 rows
2025-07-01 22:10:57.787 [JavaFX Application Thread] com.company.payroll.payroll.PayrollCalculator - Starting payroll calculation for 1 drivers from 2025-06-30 to 2025-07-06
2025-07-01 22:10:57.797 [JavaFX Application Thread] com.company.payroll.payroll.PayrollCalculator - Driver Akram - Summary: Gross=$0.0, Deductions=$0.0, Reimbursements=$0.0, Net=$0.0
2025-07-01 22:10:57.798 [JavaFX Application Thread] com.company.payroll.payroll.PayrollCalculator - Payroll calculation completed. Generated 1 rows
2025-07-01 22:25:06.976 [JavaFX Application Thread] com.company.payroll.payroll.PayrollCalculator - Starting payroll calculation for 1 drivers from 2025-06-30 to 2025-07-06
2025-07-01 22:25:06.983 [JavaFX Application Thread] com.company.payroll.payroll.PayrollCalculator - SUGGESTED escrow deposit for driver Akram would be: $500.00 (NOT APPLIED - manual entry required)
2025-07-01 22:25:06.983 [JavaFX Application Thread] com.company.payroll.payroll.PayrollCalculator - Driver Akram - Summary: Gross=$5000.0, Deductions=$0.0, Reimbursements=$0.0, Net=$3800.0
2025-07-01 22:25:06.983 [JavaFX Application Thread] com.company.payroll.payroll.PayrollCalculator - Payroll calculation completed. Generated 1 rows
2025-07-01 22:25:31.788 [JavaFX Application Thread] com.company.payroll.payroll.PayrollCalculator - Starting payroll calculation for 1 drivers from 2025-06-30 to 2025-07-06
2025-07-01 22:25:31.792 [JavaFX Application Thread] com.company.payroll.payroll.PayrollCalculator - SUGGESTED escrow deposit for driver Akram would be: $500.00 (NOT APPLIED - manual entry required)
2025-07-01 22:25:31.792 [JavaFX Application Thread] com.company.payroll.payroll.PayrollCalculator - Driver Akram - Summary: Gross=$5000.0, Deductions=$0.0, Reimbursements=$0.0, Net=$3800.0
2025-07-01 22:25:31.792 [JavaFX Application Thread] com.company.payroll.payroll.PayrollCalculator - Payroll calculation completed. Generated 1 rows
2025-07-01 22:25:38.928 [JavaFX Application Thread] com.company.payroll.payroll.PayrollCalculator - Starting payroll calculation for 1 drivers from 2025-06-23 to 2025-06-29
2025-07-01 22:25:38.932 [JavaFX Application Thread] com.company.payroll.payroll.PayrollCalculator - Driver Akram - Summary: Gross=$0.0, Deductions=$0.0, Reimbursements=$0.0, Net=$0.0
2025-07-01 22:25:38.932 [JavaFX Application Thread] com.company.payroll.payroll.PayrollCalculator - Payroll calculation completed. Generated 1 rows
2025-07-01 22:25:40.379 [JavaFX Application Thread] com.company.payroll.payroll.PayrollCalculator - Starting payroll calculation for 1 drivers from 2025-06-30 to 2025-07-06
2025-07-01 22:25:40.383 [JavaFX Application Thread] com.company.payroll.payroll.PayrollCalculator - SUGGESTED escrow deposit for driver Akram would be: $500.00 (NOT APPLIED - manual entry required)
2025-07-01 22:25:40.383 [JavaFX Application Thread] com.company.payroll.payroll.PayrollCalculator - Driver Akram - Summary: Gross=$5000.0, Deductions=$0.0, Reimbursements=$0.0, Net=$3800.0
2025-07-01 22:25:40.383 [JavaFX Application Thread] com.company.payroll.payroll.PayrollCalculator - Payroll calculation completed. Generated 1 rows
2025-07-01 22:25:53.883 [JavaFX Application Thread] com.company.payroll.payroll.PayrollCalculator - Starting payroll calculation for 1 drivers from 2025-06-23 to 2025-06-29
2025-07-01 22:25:53.887 [JavaFX Application Thread] com.company.payroll.payroll.PayrollCalculator - Driver Akram - Summary: Gross=$0.0, Deductions=$0.0, Reimbursements=$0.0, Net=$0.0
2025-07-01 22:25:53.887 [JavaFX Application Thread] com.company.payroll.payroll.PayrollCalculator - Payroll calculation completed. Generated 1 rows
2025-07-01 22:25:55.095 [JavaFX Application Thread] com.company.payroll.payroll.PayrollCalculator - Starting payroll calculation for 1 drivers from 2025-06-30 to 2025-07-06
2025-07-01 22:25:55.102 [JavaFX Application Thread] com.company.payroll.payroll.PayrollCalculator - SUGGESTED escrow deposit for driver Akram would be: $500.00 (NOT APPLIED - manual entry required)
2025-07-01 22:25:55.106 [JavaFX Application Thread] com.company.payroll.payroll.PayrollCalculator - Driver Akram - Summary: Gross=$5000.0, Deductions=$0.0, Reimbursements=$0.0, Net=$3800.0
2025-07-01 22:25:55.106 [JavaFX Application Thread] com.company.payroll.payroll.PayrollCalculator - Payroll calculation completed. Generated 1 rows
2025-07-01 22:26:12.191 [JavaFX Application Thread] com.company.payroll.payroll.PayrollCalculator - Starting payroll calculation for 1 drivers from 2025-06-30 to 2025-07-06
2025-07-01 22:26:12.201 [JavaFX Application Thread] com.company.payroll.payroll.PayrollCalculator - SUGGESTED escrow deposit for driver Akram would be: $500.00 (NOT APPLIED - manual entry required)
2025-07-01 22:26:12.201 [JavaFX Application Thread] com.company.payroll.payroll.PayrollCalculator - Driver Akram - Summary: Gross=$5000.0, Deductions=$0.0, Reimbursements=$0.0, Net=$3800.0
2025-07-01 22:26:12.201 [JavaFX Application Thread] com.company.payroll.payroll.PayrollCalculator - Payroll calculation completed. Generated 1 rows
2025-07-01 22:26:13.313 [JavaFX Application Thread] com.company.payroll.payroll.PayrollCalculator - Starting payroll calculation for 1 drivers from 2025-06-30 to 2025-07-06
2025-07-01 22:26:13.318 [JavaFX Application Thread] com.company.payroll.payroll.PayrollCalculator - SUGGESTED escrow deposit for driver Akram would be: $500.00 (NOT APPLIED - manual entry required)
2025-07-01 22:26:13.318 [JavaFX Application Thread] com.company.payroll.payroll.PayrollCalculator - Driver Akram - Summary: Gross=$5000.0, Deductions=$0.0, Reimbursements=$0.0, Net=$3800.0
2025-07-01 22:26:13.318 [JavaFX Application Thread] com.company.payroll.payroll.PayrollCalculator - Payroll calculation completed. Generated 1 rows
2025-07-01 22:26:55.316 [JavaFX Application Thread] com.company.payroll.payroll.PayrollRecurring - Charging 4 recurring fees for driver 1 week 2025-06-30
2025-07-01 22:26:55.318 [JavaFX Application Thread] com.company.payroll.payroll.PayrollRecurring - Saving 4 recurring deductions for driver 1 week 2025-06-30
2025-07-01 22:26:55.324 [JavaFX Application Thread] com.company.payroll.payroll.PayrollRecurring - Successfully saved recurring deductions
2025-07-01 22:26:55.324 [JavaFX Application Thread] com.company.payroll.payroll.PayrollRecurring - Successfully charged all recurring fees
